[2022-05-30T07:03:13.295Z] Validating found git in: git
[2022-05-30T07:03:13.856Z] Using git  from git
[2022-05-30T07:03:15.835Z] > git rev-parse --show-toplevel [1844ms]
[2022-05-30T07:03:15.835Z] fatal: not a git repository (or any parent up to mount point /)
Stopping at filesystem boundary (GIT_DISCOVERY_ACROSS_FILESYSTEM not set).
[2022-05-30T07:03:16.030Z] > git rev-parse --show-toplevel [160ms]
[2022-05-30T07:03:16.030Z] fatal: not a git repository (or any parent up to mount point /)
Stopping at filesystem boundary (GIT_DISCOVERY_ACROSS_FILESYSTEM not set).
[2022-05-30T07:03:16.112Z] > git rev-parse --show-toplevel [65ms]
[2022-05-30T07:03:16.112Z] fatal: not a git repository (or any parent up to mount point /)
Stopping at filesystem boundary (GIT_DISCOVERY_ACROSS_FILESYSTEM not set).
[2022-05-30T07:03:16.791Z] > git rev-parse --show-toplevel [620ms]
[2022-05-30T07:03:16.797Z] fatal: not a git repository (or any parent up to mount point /)
Stopping at filesystem boundary (GIT_DISCOVERY_ACROSS_FILESYSTEM not set).
[2022-05-30T07:03:17.740Z] > git rev-parse --show-toplevel [76ms]
[2022-05-30T07:03:17.740Z] fatal: not a git repository (or any parent up to mount point /)
Stopping at filesystem boundary (GIT_DISCOVERY_ACROSS_FILESYSTEM not set).
[2022-05-30T07:07:18.775Z] > git rev-parse --show-toplevel [33ms]
[2022-05-30T07:07:18.775Z] fatal: not a git repository (or any parent up to mount point /)
Stopping at filesystem boundary (GIT_DISCOVERY_ACROSS_FILESYSTEM not set).
[2022-05-30T07:09:41.305Z] > git rev-parse --show-toplevel [26ms]
[2022-05-30T07:09:41.305Z] fatal: not a git repository (or any parent up to mount point /)
Stopping at filesystem boundary (GIT_DISCOVERY_ACROSS_FILESYSTEM not set).
[2022-05-30T07:10:05.873Z] > git rev-parse --show-toplevel [35ms]
[2022-05-30T07:10:05.873Z] fatal: not a git repository (or any parent up to mount point /)
Stopping at filesystem boundary (GIT_DISCOVERY_ACROSS_FILESYSTEM not set).
[2022-05-30T07:12:14.229Z] > git rev-parse --show-toplevel [10ms]
[2022-05-30T07:12:14.229Z] fatal: not a git repository (or any parent up to mount point /)
Stopping at filesystem boundary (GIT_DISCOVERY_ACROSS_FILESYSTEM not set).
[2022-05-30T07:12:33.346Z] > git rev-parse --show-toplevel [18ms]
[2022-05-30T07:12:33.346Z] fatal: not a git repository (or any parent up to mount point /)
Stopping at filesystem boundary (GIT_DISCOVERY_ACROSS_FILESYSTEM not set).
