[Info  - 14:25:15] (17856) Pylance language server 2022.5.3 (pyright 73c82fab) starting
[Info  - 14:25:15] (17856) Server root directory: /home/marca/.vscode/extensions/ms-python.vscode-pylance-2022.5.3/dist
Notebook support: Legacy
[Info  - 14:25:15] (17856) No configuration file found.
[Info  - 14:25:15] (17856) No pyproject.toml file found.
[Info  - 14:25:15] (17856) Setting pythonPath for service "django_prueba": "/home/marca/Dev/django_prueba/venv/bin/python"
[Warn  - 14:25:15] (17856) stubPath /home/marca/Dev/django_prueba/typings is not a valid directory.
[Info  - 14:25:16] (17856) Assuming Python version 3.10
[Info  - 14:25:16] (17856) Assuming Python platform Linux
[Info  - 14:25:16] (17856) Searching for source files
[Info  - 14:25:16] (17856) Auto-excluding /home/marca/Dev/django_prueba/venv
[Info  - 14:25:16] (17856) Found 15 source files
[Info  - 14:25:17] (17856) Background analysis(1) root directory: /home/marca/.vscode/extensions/ms-python.vscode-pylance-2022.5.3/dist
[Info  - 14:25:17] (17856) Background analysis(1) started
[Info  - 14:25:17] (17856) Indexer background runner(2) root directory: /home/marca/.vscode/extensions/ms-python.vscode-pylance-2022.5.3/dist (index)
[Info  - 14:25:17] (17856) Indexing(2) started
[Info  - 14:25:20] (17856) [IDX(2)] Long operation: index libraries /home/marca/Dev/django_prueba (2182ms)
[Info  - 14:25:20] (17856) Indexer done(2). indexed 439 files
[Info  - 14:46:48] (17856) Searching for source files
[Info  - 14:46:48] (17856) Auto-excluding /home/marca/Dev/django_prueba/venv
[Info  - 14:46:48] (17856) Found 15 source files
[Info  - 14:46:56] (17856) Searching for source files
[Info  - 14:46:56] (17856) Auto-excluding /home/marca/Dev/django_prueba/venv
[Info  - 14:46:56] (17856) Found 15 source files
