[2022-05-30 13:25:36.902] [exthost] [info] Extension host with pid 1954 started
[2022-05-30 13:25:36.902] [exthost] [info] Skipping acquiring lock for /home/marca/.config/Code/User/workspaceStorage/7206c03159c5babe5fc12d2bfbdc1468.
[2022-05-30 13:25:37.382] [exthost] [info] ExtensionService#_doActivateExtension ms-python.python, startup: false, activationEvent: 'onLanguage:python'
[2022-05-30 13:25:37.679] [exthost] [info] ExtensionService#_doActivateExtension vscode.microsoft-authentication, startup: false, activationEvent: 'onAuthenticationRequest:microsoft'
[2022-05-30 13:25:37.732] [exthost] [info] ExtensionService#_doActivateExtension vscode.debug-auto-launch, startup: true, activationEvent: '*'
[2022-05-30 13:25:37.750] [exthost] [info] ExtensionService#_doActivateExtension vscode.git-base, startup: true, activationEvent: '*', root cause: vscode.git
[2022-05-30 13:25:37.754] [exthost] [info] ExtensionService#_doActivateExtension vscode.ipynb, startup: true, activationEvent: '*'
[2022-05-30 13:25:37.802] [exthost] [info] ExtensionService#_doActivateExtension vscodevim.vim, startup: true, activationEvent: '*'
[2022-05-30 13:25:38.196] [exthost] [info] ExtensionService#_doActivateExtension vscode.git, startup: true, activationEvent: '*'
[2022-05-30 13:25:38.236] [exthost] [info] ExtensionService#_doActivateExtension vscode.github, startup: true, activationEvent: '*'
[2022-05-30 13:25:38.689] [exthost] [info] ExtensionService#_doActivateExtension ms-python.vscode-pylance, startup: false, activationEvent: 'onLanguage:python'
[2022-05-30 13:25:39.036] [exthost] [info] Eager extensions activated
[2022-05-30 13:25:39.275] [exthost] [info] ExtensionService#_doActivateExtension vscode.emmet, startup: false, activationEvent: 'onStartupFinished'
[2022-05-30 13:25:39.297] [exthost] [info] ExtensionService#_doActivateExtension vscode.merge-conflict, startup: false, activationEvent: 'onStartupFinished'
[2022-05-30 13:25:39.306] [exthost] [info] ExtensionService#_doActivateExtension PKief.material-icon-theme, startup: false, activationEvent: 'onStartupFinished'
[2022-05-30 13:25:39.371] [exthost] [info] ExtensionService#_doActivateExtension vscode.github-authentication, startup: false, activationEvent: 'onAuthenticationRequest:github'
[2022-05-30 13:28:09.951] [exthost] [info] ExtensionService#_doActivateExtension vscode.configuration-editing, startup: false, activationEvent: 'onLanguage:jsonc'
[2022-05-30 13:28:10.033] [exthost] [info] ExtensionService#_doActivateExtension vscode.json-language-features, startup: false, activationEvent: 'onLanguage:jsonc'
[2022-05-30 13:28:10.164] [exthost] [info] ExtensionService#_doActivateExtension vscode.typescript-language-features, startup: false, activationEvent: 'onLanguage:jsonc'
[2022-05-30 13:33:53.210] [exthost] [info] ExtensionService#_doActivateExtension vscode.grunt, startup: false, activationEvent: 'onTaskType:grunt'
[2022-05-30 13:33:53.259] [exthost] [info] ExtensionService#_doActivateExtension vscode.gulp, startup: false, activationEvent: 'onTaskType:gulp'
[2022-05-30 13:33:53.267] [exthost] [info] ExtensionService#_doActivateExtension vscode.jake, startup: false, activationEvent: 'onTaskType:jake'
[2022-05-30 13:33:53.315] [exthost] [info] ExtensionService#_doActivateExtension vscode.npm, startup: false, activationEvent: 'onTaskType:npm'
[2022-05-30 14:21:24.160] [exthost] [warning] TextEditor is closed/disposed
[2022-05-30 14:21:24.160] [exthost] [warning] TextEditor is closed/disposed
[2022-05-30 14:21:24.169] [exthost] [warning] ExtHostTextEditorOptions 'setCursorStyle' failed:'
[2022-05-30 14:21:24.169] [exthost] [warning] {"name":"DISPOSED","message":"TextEditor(vs.editor.ICodeEditor:1,$model1) has been disposed"}
[2022-05-30 14:21:32.219] [exthost] [warning] TextEditor is closed/disposed
[2022-05-30 14:21:32.219] [exthost] [warning] TextEditor is closed/disposed
[2022-05-30 14:21:32.283] [exthost] [warning] ExtHostTextEditorOptions 'setCursorStyle' failed:'
[2022-05-30 14:21:32.283] [exthost] [warning] {"name":"DISPOSED","message":"TextEditor(vs.editor.ICodeEditor:1,$model13) has been disposed"}
[2022-05-30 14:24:55.758] [exthost] [info] Extension host terminating: renderer closed the socket
[2022-05-30 14:24:56.517] [exthost] [error] TypeError: Converting circular structure to JSON
    --> starting at object with constructor 't'
    |     property '_readableState' -> object with constructor 'M'
    |     property 'pipes' -> object with constructor 'Array'
    |     index 0 -> object with constructor 't.ConsoleForElectron'
    --- property 'parent' closes the circle
    at JSON.stringify (<anonymous>)
    at async (/home/marca/.vscode/extensions/vscodevim.vim-1.22.2/src/register/register.ts:357:16)
    at Object.e.deactivate (/home/marca/.vscode/extensions/vscodevim.vim-1.22.2/extension.ts:64:8)
    at async Promise.all (index 19)
    at m._deactivateAll (/opt/visual-studio-code/resources/app/out/vs/workbench/api/node/extensionHostProcess.js:88:10665)
[2022-05-30 14:24:56.517] [exthost] [info] Extension host with pid 1954 exiting with code 0
