[2022-05-29 18:01:15.644] [exthost] [info] Extension host with pid 11311 started
[2022-05-29 18:01:15.644] [exthost] [info] Skipping acquiring lock for /home/marca/.config/Code/User/workspaceStorage/7206c03159c5babe5fc12d2bfbdc1468.
[2022-05-29 18:01:16.264] [exthost] [info] ExtensionService#_doActivateExtension ms-python.python, startup: false, activationEvent: 'onLanguage:python'
[2022-05-29 18:01:16.468] [exthost] [info] ExtensionService#_doActivateExtension vscode.microsoft-authentication, startup: false, activationEvent: 'onAuthenticationRequest:microsoft'
[2022-05-29 18:01:16.504] [exthost] [info] ExtensionService#_doActivateExtension vscode.debug-auto-launch, startup: true, activationEvent: '*'
[2022-05-29 18:01:16.513] [exthost] [info] ExtensionService#_doActivateExtension vscode.git-base, startup: true, activationEvent: '*', root cause: vscode.git
[2022-05-29 18:01:16.521] [exthost] [info] ExtensionService#_doActivateExtension vscode.ipynb, startup: true, activationEvent: '*'
[2022-05-29 18:01:16.576] [exthost] [info] ExtensionService#_doActivateExtension vscodevim.vim, startup: true, activationEvent: '*'
[2022-05-29 18:01:17.087] [exthost] [info] ExtensionService#_doActivateExtension vscode.git, startup: true, activationEvent: '*'
[2022-05-29 18:01:17.125] [exthost] [info] ExtensionService#_doActivateExtension vscode.github, startup: true, activationEvent: '*'
[2022-05-29 18:01:17.456] [exthost] [info] Eager extensions activated
[2022-05-29 18:01:17.537] [exthost] [info] ExtensionService#_doActivateExtension vscode.emmet, startup: false, activationEvent: 'onStartupFinished'
[2022-05-29 18:01:17.572] [exthost] [info] ExtensionService#_doActivateExtension vscode.merge-conflict, startup: false, activationEvent: 'onStartupFinished'
[2022-05-29 18:01:17.591] [exthost] [info] ExtensionService#_doActivateExtension PKief.material-icon-theme, startup: false, activationEvent: 'onStartupFinished'
[2022-05-29 18:01:17.706] [exthost] [info] ExtensionService#_doActivateExtension vscode.github-authentication, startup: false, activationEvent: 'onAuthenticationRequest:github'
[2022-05-29 18:01:18.571] [exthost] [info] ExtensionService#_doActivateExtension ms-python.vscode-pylance, startup: false, activationEvent: 'onLanguage:python'
[2022-05-29 18:44:50.990] [exthost] [error] [ms-python.python] provider FAILED
[2022-05-29 18:44:50.991] [exthost] [error] Error: name must not be falsy
    at Function.validate (/opt/visual-studio-code/resources/app/out/vs/workbench/api/node/extensionHostProcess.js:76:96768)
    at new s (/opt/visual-studio-code/resources/app/out/vs/workbench/api/node/extensionHostProcess.js:76:96717)
    at new s (/opt/visual-studio-code/resources/app/out/vs/workbench/api/node/extensionHostProcess.js:76:83077)
    at G (/home/marca/.vscode/extensions/ms-python.python-2022.6.2/out/client/extension.js:2:2277418)
    at c (/home/marca/.vscode/extensions/ms-python.python-2022.6.2/out/client/extension.js:2:2314584)
    at Object.t.map (/home/marca/.vscode/extensions/ms-python.python-2022.6.2/out/client/extension.js:2:2314670)
    at Object.asDocumentSymbols (/home/marca/.vscode/extensions/ms-python.python-2022.6.2/out/client/extension.js:2:2285236)
    at /home/marca/.vscode/extensions/ms-python.python-2022.6.2/out/client/extension.js:2:2223778
    at r.provideDocumentSymbols (/opt/visual-studio-code/resources/app/out/vs/workbench/api/node/extensionHostProcess.js:83:97721)
[2022-05-29 18:45:59.669] [exthost] [error] [ms-python.python] provider FAILED
[2022-05-29 18:45:59.669] [exthost] [error] Error: name must not be falsy
    at Function.validate (/opt/visual-studio-code/resources/app/out/vs/workbench/api/node/extensionHostProcess.js:76:96768)
    at new s (/opt/visual-studio-code/resources/app/out/vs/workbench/api/node/extensionHostProcess.js:76:96717)
    at new s (/opt/visual-studio-code/resources/app/out/vs/workbench/api/node/extensionHostProcess.js:76:83077)
    at G (/home/marca/.vscode/extensions/ms-python.python-2022.6.2/out/client/extension.js:2:2277418)
    at c (/home/marca/.vscode/extensions/ms-python.python-2022.6.2/out/client/extension.js:2:2314584)
    at Object.t.map (/home/marca/.vscode/extensions/ms-python.python-2022.6.2/out/client/extension.js:2:2314670)
    at Object.asDocumentSymbols (/home/marca/.vscode/extensions/ms-python.python-2022.6.2/out/client/extension.js:2:2285236)
    at /home/marca/.vscode/extensions/ms-python.python-2022.6.2/out/client/extension.js:2:2223778
    at r.provideDocumentSymbols (/opt/visual-studio-code/resources/app/out/vs/workbench/api/node/extensionHostProcess.js:83:97721)
[2022-05-29 19:58:20.225] [exthost] [info] ExtensionService#_doActivateExtension vscode.grunt, startup: false, activationEvent: 'onTaskType:grunt'
[2022-05-29 19:58:20.227] [exthost] [info] ExtensionService#_doActivateExtension vscode.gulp, startup: false, activationEvent: 'onTaskType:gulp'
[2022-05-29 19:58:20.229] [exthost] [info] ExtensionService#_doActivateExtension vscode.jake, startup: false, activationEvent: 'onTaskType:jake'
[2022-05-29 19:58:20.231] [exthost] [info] ExtensionService#_doActivateExtension vscode.npm, startup: false, activationEvent: 'onTaskType:npm'
[2022-05-29 19:58:20.254] [exthost] [info] ExtensionService#_doActivateExtension vscode.typescript-language-features, startup: false, activationEvent: 'onTaskType:typescript'
[2022-05-29 20:17:53.636] [exthost] [info] Extension host terminating: renderer closed the socket
[2022-05-29 20:17:54.361] [exthost] [error] TypeError: r.some is not a function
    at Function.saveToDisk (/home/marca/.vscode/extensions/vscodevim.vim-1.22.2/src/register/register.ts:350:30)
    at Object.e.deactivate (/home/marca/.vscode/extensions/vscodevim.vim-1.22.2/extension.ts:65:18)
    at m._deactivate (/opt/visual-studio-code/resources/app/out/vs/workbench/api/node/extensionHostProcess.js:88:13083)
    at /opt/visual-studio-code/resources/app/out/vs/workbench/api/node/extensionHostProcess.js:88:10642
    at Array.map (<anonymous>)
    at m._deactivateAll (/opt/visual-studio-code/resources/app/out/vs/workbench/api/node/extensionHostProcess.js:88:10630)
    at m.terminate (/opt/visual-studio-code/resources/app/out/vs/workbench/api/node/extensionHostProcess.js:88:11010)
    at m.terminate (/opt/visual-studio-code/resources/app/out/vs/workbench/api/node/extensionHostProcess.js:92:620)
    at l (/opt/visual-studio-code/resources/app/out/vs/workbench/api/node/extensionHostProcess.js:102:36401)
    at Socket.<anonymous> (/opt/visual-studio-code/resources/app/out/vs/workbench/api/node/extensionHostProcess.js:102:34097)
    at Socket.emit (node:events:402:35)
    at Pipe.<anonymous> (node:net:687:12)
[2022-05-29 20:17:54.362] [exthost] [info] Extension host with pid 11311 exiting with code 0
