[2022-06-09 21:07:52.072] [sharedprocess] [info] Starting worker process with pid 4272 (type: fileWatcher, window: 1).
[2022-06-09 21:07:52.317] [sharedprocess] [warning] [/home/marca/.vscode/extensions/ms-python.python-2022.6.2]: Couldn't find message for key python.command.python.createNewFile.title.
[2022-06-09 21:07:52.317] [sharedprocess] [warning] [/home/marca/.vscode/extensions/ms-python.python-2022.6.2]: Couldn't find message for key python.menu.createNewFile.title.
[2022-06-09 21:07:52.318] [sharedprocess] [warning] [/home/marca/.vscode/extensions/ms-python.python-2022.6.2]: Couldn't find message for key python.command.python.analysis.restartLanguageServer.title.
[2022-06-09 21:07:52.318] [sharedprocess] [warning] [/home/marca/.vscode/extensions/ms-python.python-2022.6.2]: Couldn't find message for key python.command.python.clearPersistentStorage.title.
[2022-06-09 21:07:52.318] [sharedprocess] [warning] [/home/marca/.vscode/extensions/ms-python.python-2022.6.2]: Couldn't find message for key python.command.python.clearWorkspaceInterpreter.title.
[2022-06-09 21:07:52.319] [sharedprocess] [warning] [/home/marca/.vscode/extensions/ms-python.python-2022.6.2]: Couldn't find message for key python.command.python.configureTests.title.
[2022-06-09 21:07:52.320] [sharedprocess] [warning] [/home/marca/.vscode/extensions/ms-python.python-2022.6.2]: Couldn't find message for key python.command.python.createTerminal.title.
[2022-06-09 21:07:52.320] [sharedprocess] [warning] [/home/marca/.vscode/extensions/ms-python.python-2022.6.2]: Couldn't find message for key python.command.python.enableLinting.title.
[2022-06-09 21:07:52.320] [sharedprocess] [warning] [/home/marca/.vscode/extensions/ms-python.python-2022.6.2]: Couldn't find message for key python.command.python.enableSourceMapSupport.title.
[2022-06-09 21:07:52.320] [sharedprocess] [warning] [/home/marca/.vscode/extensions/ms-python.python-2022.6.2]: Couldn't find message for key python.command.python.execInTerminal.title.
[2022-06-09 21:07:52.321] [sharedprocess] [warning] [/home/marca/.vscode/extensions/ms-python.python-2022.6.2]: Couldn't find message for key python.command.python.execInTerminalIcon.title.
[2022-06-09 21:07:52.322] [sharedprocess] [warning] [/home/marca/.vscode/extensions/ms-python.python-2022.6.2]: Couldn't find message for key python.command.python.debugInTerminal.title.
[2022-06-09 21:07:52.322] [sharedprocess] [warning] [/home/marca/.vscode/extensions/ms-python.python-2022.6.2]: Couldn't find message for key python.command.python.execSelectionInDjangoShell.title.
[2022-06-09 21:07:52.330] [sharedprocess] [warning] [/home/marca/.vscode/extensions/ms-python.python-2022.6.2]: Couldn't find message for key python.command.python.execSelectionInTerminal.title.
[2022-06-09 21:07:52.330] [sharedprocess] [warning] [/home/marca/.vscode/extensions/ms-python.python-2022.6.2]: Couldn't find message for key python.command.python.goToPythonObject.title.
[2022-06-09 21:07:52.330] [sharedprocess] [warning] [/home/marca/.vscode/extensions/ms-python.python-2022.6.2]: Couldn't find message for key python.command.python.launchTensorBoard.title.
[2022-06-09 21:07:52.331] [sharedprocess] [warning] [/home/marca/.vscode/extensions/ms-python.python-2022.6.2]: Couldn't find message for key python.command.python.refreshTensorBoard.title.
[2022-06-09 21:07:52.332] [sharedprocess] [warning] [/home/marca/.vscode/extensions/ms-python.python-2022.6.2]: Couldn't find message for key python.command.python.reportIssue.title.
[2022-06-09 21:07:52.333] [sharedprocess] [warning] [/home/marca/.vscode/extensions/ms-python.python-2022.6.2]: Couldn't find message for key python.command.testing.rerunFailedTests.title.
[2022-06-09 21:07:52.335] [sharedprocess] [warning] [/home/marca/.vscode/extensions/ms-python.python-2022.6.2]: Couldn't find message for key python.command.python.runLinting.title.
[2022-06-09 21:07:52.336] [sharedprocess] [warning] [/home/marca/.vscode/extensions/ms-python.python-2022.6.2]: Couldn't find message for key python.command.python.setInterpreter.title.
[2022-06-09 21:07:52.337] [sharedprocess] [warning] [/home/marca/.vscode/extensions/ms-python.python-2022.6.2]: Couldn't find message for key python.command.python.setLinter.title.
[2022-06-09 21:07:52.338] [sharedprocess] [warning] [/home/marca/.vscode/extensions/ms-python.python-2022.6.2]: Couldn't find message for key python.command.python.sortImports.title.
[2022-06-09 21:07:52.338] [sharedprocess] [warning] [/home/marca/.vscode/extensions/ms-python.python-2022.6.2]: Couldn't find message for key python.command.python.startREPL.title.
[2022-06-09 21:07:52.338] [sharedprocess] [warning] [/home/marca/.vscode/extensions/ms-python.python-2022.6.2]: Couldn't find message for key python.command.python.viewLanguageServerOutput.title.
[2022-06-09 21:07:52.338] [sharedprocess] [warning] [/home/marca/.vscode/extensions/ms-python.python-2022.6.2]: Couldn't find message for key python.command.python.viewOutput.title.
[2022-06-09 21:07:52.339] [sharedprocess] [warning] [/home/marca/.vscode/extensions/ms-python.python-2022.6.2]: Couldn't find message for key python.command.python.analysis.restartLanguageServer.title.
[2022-06-09 21:07:52.342] [sharedprocess] [warning] [/home/marca/.vscode/extensions/ms-python.python-2022.6.2]: Couldn't find message for key python.command.python.clearPersistentStorage.title.
[2022-06-09 21:07:52.343] [sharedprocess] [warning] [/home/marca/.vscode/extensions/ms-python.python-2022.6.2]: Couldn't find message for key python.command.python.clearWorkspaceInterpreter.title.
[2022-06-09 21:07:52.343] [sharedprocess] [warning] [/home/marca/.vscode/extensions/ms-python.python-2022.6.2]: Couldn't find message for key python.command.python.configureTests.title.
[2022-06-09 21:07:52.354] [sharedprocess] [warning] [/home/marca/.vscode/extensions/ms-python.python-2022.6.2]: Couldn't find message for key python.command.python.createTerminal.title.
[2022-06-09 21:07:52.355] [sharedprocess] [warning] [/home/marca/.vscode/extensions/ms-python.python-2022.6.2]: Couldn't find message for key python.command.python.enableLinting.title.
[2022-06-09 21:07:52.355] [sharedprocess] [warning] [/home/marca/.vscode/extensions/ms-python.python-2022.6.2]: Couldn't find message for key python.command.python.enableSourceMapSupport.title.
[2022-06-09 21:07:52.356] [sharedprocess] [warning] [/home/marca/.vscode/extensions/ms-python.python-2022.6.2]: Couldn't find message for key python.command.python.execInTerminal.title.
[2022-06-09 21:07:52.356] [sharedprocess] [warning] [/home/marca/.vscode/extensions/ms-python.python-2022.6.2]: Couldn't find message for key python.command.python.execInTerminalIcon.title.
[2022-06-09 21:07:52.357] [sharedprocess] [warning] [/home/marca/.vscode/extensions/ms-python.python-2022.6.2]: Couldn't find message for key python.command.python.debugInTerminal.title.
[2022-06-09 21:07:52.357] [sharedprocess] [warning] [/home/marca/.vscode/extensions/ms-python.python-2022.6.2]: Couldn't find message for key python.command.python.execSelectionInDjangoShell.title.
[2022-06-09 21:07:52.358] [sharedprocess] [warning] [/home/marca/.vscode/extensions/ms-python.python-2022.6.2]: Couldn't find message for key python.command.python.execSelectionInTerminal.title.
[2022-06-09 21:07:52.370] [sharedprocess] [warning] [/home/marca/.vscode/extensions/ms-python.python-2022.6.2]: Couldn't find message for key python.command.python.goToPythonObject.title.
[2022-06-09 21:07:52.371] [sharedprocess] [warning] [/home/marca/.vscode/extensions/ms-python.python-2022.6.2]: Couldn't find message for key python.command.python.launchTensorBoard.title.
[2022-06-09 21:07:52.371] [sharedprocess] [warning] [/home/marca/.vscode/extensions/ms-python.python-2022.6.2]: Couldn't find message for key python.command.python.refreshTensorBoard.title.
[2022-06-09 21:07:52.371] [sharedprocess] [warning] [/home/marca/.vscode/extensions/ms-python.python-2022.6.2]: Couldn't find message for key python.command.python.reportIssue.title.
[2022-06-09 21:07:52.372] [sharedprocess] [warning] [/home/marca/.vscode/extensions/ms-python.python-2022.6.2]: Couldn't find message for key python.command.testing.rerunFailedTests.title.
[2022-06-09 21:07:52.372] [sharedprocess] [warning] [/home/marca/.vscode/extensions/ms-python.python-2022.6.2]: Couldn't find message for key python.command.python.runLinting.title.
[2022-06-09 21:07:52.373] [sharedprocess] [warning] [/home/marca/.vscode/extensions/ms-python.python-2022.6.2]: Couldn't find message for key python.command.python.setInterpreter.title.
[2022-06-09 21:07:52.373] [sharedprocess] [warning] [/home/marca/.vscode/extensions/ms-python.python-2022.6.2]: Couldn't find message for key python.command.python.setLinter.title.
[2022-06-09 21:07:52.373] [sharedprocess] [warning] [/home/marca/.vscode/extensions/ms-python.python-2022.6.2]: Couldn't find message for key python.command.python.sortImports.title.
[2022-06-09 21:07:52.374] [sharedprocess] [warning] [/home/marca/.vscode/extensions/ms-python.python-2022.6.2]: Couldn't find message for key python.command.python.startREPL.title.
[2022-06-09 21:07:52.375] [sharedprocess] [warning] [/home/marca/.vscode/extensions/ms-python.python-2022.6.2]: Couldn't find message for key python.command.python.viewLanguageServerOutput.title.
[2022-06-09 21:07:52.375] [sharedprocess] [warning] [/home/marca/.vscode/extensions/ms-python.python-2022.6.2]: Couldn't find message for key python.command.python.viewOutput.title.
[2022-06-09 21:07:52.376] [sharedprocess] [warning] [/home/marca/.vscode/extensions/ms-python.python-2022.6.2]: Couldn't find message for key python.command.python.execInTerminalIcon.title.
[2022-06-09 21:07:52.376] [sharedprocess] [warning] [/home/marca/.vscode/extensions/ms-python.python-2022.6.2]: Couldn't find message for key python.command.python.debugInTerminal.title.
[2022-06-09 21:07:52.378] [sharedprocess] [warning] [/home/marca/.vscode/extensions/pkief.material-icon-theme-4.17.0]: Couldn't find message for key command.activateIcons.
[2022-06-09 21:07:52.379] [sharedprocess] [warning] [/home/marca/.vscode/extensions/pkief.material-icon-theme-4.17.0]: Couldn't find message for key command.toggleIconPacks.
[2022-06-09 21:07:52.381] [sharedprocess] [warning] [/home/marca/.vscode/extensions/pkief.material-icon-theme-4.17.0]: Couldn't find message for key command.changeFolderTheme.
[2022-06-09 21:07:52.382] [sharedprocess] [warning] [/home/marca/.vscode/extensions/pkief.material-icon-theme-4.17.0]: Couldn't find message for key command.changeFolderColor.
[2022-06-09 21:07:52.384] [sharedprocess] [warning] [/home/marca/.vscode/extensions/pkief.material-icon-theme-4.17.0]: Couldn't find message for key command.restoreDefaultConfig.
[2022-06-09 21:07:52.386] [sharedprocess] [warning] [/home/marca/.vscode/extensions/pkief.material-icon-theme-4.17.0]: Couldn't find message for key command.toggleExplorerArrows.
[2022-06-09 21:07:52.388] [sharedprocess] [warning] [/home/marca/.vscode/extensions/pkief.material-icon-theme-4.17.0]: Couldn't find message for key command.changeOpacity.
[2022-06-09 21:07:52.389] [sharedprocess] [warning] [/home/marca/.vscode/extensions/pkief.material-icon-theme-4.17.0]: Couldn't find message for key command.toggleGrayscale.
[2022-06-09 21:07:52.391] [sharedprocess] [warning] [/home/marca/.vscode/extensions/pkief.material-icon-theme-4.17.0]: Couldn't find message for key command.changeSaturation.
[2022-06-09 21:07:52.392] [sharedprocess] [warning] [/home/marca/.vscode/extensions/pkief.material-icon-theme-4.17.0]: Couldn't find message for key configuration.title.
[2022-06-09 21:07:52.393] [sharedprocess] [warning] [/home/marca/.vscode/extensions/pkief.material-icon-theme-4.17.0]: Couldn't find message for key configuration.showWelcomeMessage.
[2022-06-09 21:07:52.396] [sharedprocess] [warning] [/home/marca/.vscode/extensions/pkief.material-icon-theme-4.17.0]: Couldn't find message for key configuration.showUpdateMessage.
[2022-06-09 21:07:52.399] [sharedprocess] [warning] [/home/marca/.vscode/extensions/pkief.material-icon-theme-4.17.0]: Couldn't find message for key configuration.showReloadMessage.
[2022-06-09 21:07:52.401] [sharedprocess] [warning] [/home/marca/.vscode/extensions/pkief.material-icon-theme-4.17.0]: Couldn't find message for key configuration.activeIconPack.
[2022-06-09 21:07:52.401] [sharedprocess] [warning] [/home/marca/.vscode/extensions/pkief.material-icon-theme-4.17.0]: Couldn't find message for key configuration.activeIconPack.angular.
[2022-06-09 21:07:52.403] [sharedprocess] [warning] [/home/marca/.vscode/extensions/pkief.material-icon-theme-4.17.0]: Couldn't find message for key configuration.activeIconPack.angular_ngrx.
[2022-06-09 21:07:52.404] [sharedprocess] [warning] [/home/marca/.vscode/extensions/pkief.material-icon-theme-4.17.0]: Couldn't find message for key configuration.activeIconPack.react.
[2022-06-09 21:07:52.414] [sharedprocess] [warning] [/home/marca/.vscode/extensions/pkief.material-icon-theme-4.17.0]: Couldn't find message for key configuration.activeIconPack.react_redux.
[2022-06-09 21:07:52.414] [sharedprocess] [warning] [/home/marca/.vscode/extensions/pkief.material-icon-theme-4.17.0]: Couldn't find message for key configuration.activeIconPack.vue.
[2022-06-09 21:07:52.414] [sharedprocess] [warning] [/home/marca/.vscode/extensions/pkief.material-icon-theme-4.17.0]: Couldn't find message for key configuration.activeIconPack.vue_vuex.
[2022-06-09 21:07:52.415] [sharedprocess] [warning] [/home/marca/.vscode/extensions/pkief.material-icon-theme-4.17.0]: Couldn't find message for key configuration.activeIconPack.nest.
[2022-06-09 21:07:52.415] [sharedprocess] [warning] [/home/marca/.vscode/extensions/pkief.material-icon-theme-4.17.0]: Couldn't find message for key configuration.activeIconPack.none.
[2022-06-09 21:07:52.415] [sharedprocess] [warning] [/home/marca/.vscode/extensions/pkief.material-icon-theme-4.17.0]: Couldn't find message for key configuration.files.associations.
[2022-06-09 21:07:52.415] [sharedprocess] [warning] [/home/marca/.vscode/extensions/pkief.material-icon-theme-4.17.0]: Couldn't find message for key configuration.folders.associations.
[2022-06-09 21:07:52.416] [sharedprocess] [warning] [/home/marca/.vscode/extensions/pkief.material-icon-theme-4.17.0]: Couldn't find message for key configuration.languages.associations.
[2022-06-09 21:07:52.416] [sharedprocess] [warning] [/home/marca/.vscode/extensions/pkief.material-icon-theme-4.17.0]: Couldn't find message for key configuration.folders.theme.
[2022-06-09 21:07:52.416] [sharedprocess] [warning] [/home/marca/.vscode/extensions/pkief.material-icon-theme-4.17.0]: Couldn't find message for key configuration.folders.theme.specific.
[2022-06-09 21:07:52.416] [sharedprocess] [warning] [/home/marca/.vscode/extensions/pkief.material-icon-theme-4.17.0]: Couldn't find message for key configuration.folders.theme.classic.
[2022-06-09 21:07:52.417] [sharedprocess] [warning] [/home/marca/.vscode/extensions/pkief.material-icon-theme-4.17.0]: Couldn't find message for key configuration.folders.theme.none.
[2022-06-09 21:07:52.417] [sharedprocess] [warning] [/home/marca/.vscode/extensions/pkief.material-icon-theme-4.17.0]: Couldn't find message for key configuration.folders.color.
[2022-06-09 21:07:52.417] [sharedprocess] [warning] [/home/marca/.vscode/extensions/pkief.material-icon-theme-4.17.0]: Couldn't find message for key configuration.opacity.
[2022-06-09 21:07:52.417] [sharedprocess] [warning] [/home/marca/.vscode/extensions/pkief.material-icon-theme-4.17.0]: Couldn't find message for key configuration.hidesExplorerArrows.
[2022-06-09 21:07:52.417] [sharedprocess] [warning] [/home/marca/.vscode/extensions/pkief.material-icon-theme-4.17.0]: Couldn't find message for key configuration.saturation.
[2022-06-09 21:07:52.814] [sharedprocess] [info] Deleted from disk pkief.material-icon-theme /home/marca/.vscode/extensions/pkief.material-icon-theme-4.17.0
[2022-06-09 21:07:55.947] [sharedprocess] [info] Deleted from disk ms-python.vscode-pylance /home/marca/.vscode/extensions/ms-python.vscode-pylance-2022.5.3
[2022-06-09 21:07:56.289] [sharedprocess] [info] Deleted from disk ms-python.python /home/marca/.vscode/extensions/ms-python.python-2022.6.2
