[2022-05-30 17:45:24.900] [renderer1] [error] name must not be falsy: Error: name must not be falsy
    at Function.validate (/opt/visual-studio-code/resources/app/out/vs/workbench/api/node/extensionHostProcess.js:76:96768)
    at new s (/opt/visual-studio-code/resources/app/out/vs/workbench/api/node/extensionHostProcess.js:76:96717)
    at new s (/opt/visual-studio-code/resources/app/out/vs/workbench/api/node/extensionHostProcess.js:76:83077)
    at G (/home/marca/.vscode/extensions/ms-python.python-2022.6.2/out/client/extension.js:2:2277418)
    at c (/home/marca/.vscode/extensions/ms-python.python-2022.6.2/out/client/extension.js:2:2314584)
    at Object.t.map (/home/marca/.vscode/extensions/ms-python.python-2022.6.2/out/client/extension.js:2:2314670)
    at Object.asDocumentSymbols (/home/marca/.vscode/extensions/ms-python.python-2022.6.2/out/client/extension.js:2:2285236)
    at /home/marca/.vscode/extensions/ms-python.python-2022.6.2/out/client/extension.js:2:2223778
    at r.provideDocumentSymbols (/opt/visual-studio-code/resources/app/out/vs/workbench/api/node/extensionHostProcess.js:83:97721)
[2022-05-30 17:46:15.143] [renderer1] [error] name must not be falsy: Error: name must not be falsy
    at Function.validate (/opt/visual-studio-code/resources/app/out/vs/workbench/api/node/extensionHostProcess.js:76:96768)
    at new s (/opt/visual-studio-code/resources/app/out/vs/workbench/api/node/extensionHostProcess.js:76:96717)
    at new s (/opt/visual-studio-code/resources/app/out/vs/workbench/api/node/extensionHostProcess.js:76:83077)
    at G (/home/marca/.vscode/extensions/ms-python.python-2022.6.2/out/client/extension.js:2:2277418)
    at c (/home/marca/.vscode/extensions/ms-python.python-2022.6.2/out/client/extension.js:2:2314584)
    at Object.t.map (/home/marca/.vscode/extensions/ms-python.python-2022.6.2/out/client/extension.js:2:2314670)
    at Object.asDocumentSymbols (/home/marca/.vscode/extensions/ms-python.python-2022.6.2/out/client/extension.js:2:2285236)
    at /home/marca/.vscode/extensions/ms-python.python-2022.6.2/out/client/extension.js:2:2223778
    at r.provideDocumentSymbols (/opt/visual-studio-code/resources/app/out/vs/workbench/api/node/extensionHostProcess.js:83:97721)
[2022-05-30 18:35:01.130] [renderer1] [error] name must not be falsy: Error: name must not be falsy
    at Function.validate (/opt/visual-studio-code/resources/app/out/vs/workbench/api/node/extensionHostProcess.js:76:96768)
    at new s (/opt/visual-studio-code/resources/app/out/vs/workbench/api/node/extensionHostProcess.js:76:96717)
    at new s (/opt/visual-studio-code/resources/app/out/vs/workbench/api/node/extensionHostProcess.js:76:83077)
    at G (/home/marca/.vscode/extensions/ms-python.python-2022.6.2/out/client/extension.js:2:2277418)
    at c (/home/marca/.vscode/extensions/ms-python.python-2022.6.2/out/client/extension.js:2:2314584)
    at Object.t.map (/home/marca/.vscode/extensions/ms-python.python-2022.6.2/out/client/extension.js:2:2314670)
    at Object.asDocumentSymbols (/home/marca/.vscode/extensions/ms-python.python-2022.6.2/out/client/extension.js:2:2285236)
    at /home/marca/.vscode/extensions/ms-python.python-2022.6.2/out/client/extension.js:2:2223778
    at r.provideDocumentSymbols (/opt/visual-studio-code/resources/app/out/vs/workbench/api/node/extensionHostProcess.js:83:97721)
