[2022-05-29T23:01:17.221Z] Validating found git in: git
[2022-05-29T23:01:17.432Z] Using git 2.35.1 from git
[2022-05-29T23:01:17.462Z] > git rev-parse --show-toplevel [8ms]
[2022-05-29T23:01:17.462Z] fatal: not a git repository (or any parent up to mount point /)
Stopping at filesystem boundary (GIT_DISCOVERY_ACROSS_FILESYSTEM not set).
[2022-05-29T23:01:17.499Z] > git rev-parse --show-toplevel [13ms]
[2022-05-29T23:01:17.499Z] fatal: not a git repository (or any parent up to mount point /)
Stopping at filesystem boundary (GIT_DISCOVERY_ACROSS_FILESYSTEM not set).
[2022-05-29T23:01:17.753Z] > git rev-parse --show-toplevel [229ms]
[2022-05-29T23:01:17.754Z] fatal: not a git repository (or any parent up to mount point /)
Stopping at filesystem boundary (GIT_DISCOVERY_ACROSS_FILESYSTEM not set).
[2022-05-29T23:01:17.770Z] > git rev-parse --show-toplevel [10ms]
[2022-05-29T23:01:17.770Z] fatal: not a git repository (or any parent up to mount point /)
Stopping at filesystem boundary (GIT_DISCOVERY_ACROSS_FILESYSTEM not set).
[2022-05-29T23:01:20.748Z] > git rev-parse --show-toplevel [13ms]
[2022-05-29T23:01:20.748Z] fatal: not a git repository (or any parent up to mount point /)
Stopping at filesystem boundary (GIT_DISCOVERY_ACROSS_FILESYSTEM not set).
[2022-05-29T23:06:26.715Z] > git rev-parse --show-toplevel [58ms]
[2022-05-29T23:06:26.727Z] fatal: not a git repository (or any parent up to mount point /)
Stopping at filesystem boundary (GIT_DISCOVERY_ACROSS_FILESYSTEM not set).
[2022-05-29T23:11:40.014Z] > git rev-parse --show-toplevel [42ms]
[2022-05-29T23:11:40.014Z] fatal: not a git repository (or any parent up to mount point /)
Stopping at filesystem boundary (GIT_DISCOVERY_ACROSS_FILESYSTEM not set).
[2022-05-29T23:30:53.338Z] > git rev-parse --show-toplevel [4ms]
[2022-05-29T23:30:53.338Z] fatal: not a git repository (or any parent up to mount point /)
Stopping at filesystem boundary (GIT_DISCOVERY_ACROSS_FILESYSTEM not set).
[2022-05-29T23:30:53.799Z] > git rev-parse --show-toplevel [45ms]
[2022-05-29T23:30:53.800Z] fatal: not a git repository (or any parent up to mount point /)
Stopping at filesystem boundary (GIT_DISCOVERY_ACROSS_FILESYSTEM not set).
[2022-05-29T23:30:54.754Z] > git rev-parse --show-toplevel [12ms]
[2022-05-29T23:30:54.754Z] fatal: not a git repository (or any parent up to mount point /)
Stopping at filesystem boundary (GIT_DISCOVERY_ACROSS_FILESYSTEM not set).
[2022-05-29T23:30:55.932Z] > git rev-parse --show-toplevel [18ms]
[2022-05-29T23:30:55.932Z] fatal: not a git repository (or any parent up to mount point /)
Stopping at filesystem boundary (GIT_DISCOVERY_ACROSS_FILESYSTEM not set).
[2022-05-29T23:31:14.396Z] > git rev-parse --show-toplevel [20ms]
[2022-05-29T23:31:14.396Z] fatal: not a git repository (or any parent up to mount point /)
Stopping at filesystem boundary (GIT_DISCOVERY_ACROSS_FILESYSTEM not set).
[2022-05-29T23:44:44.798Z] > git rev-parse --show-toplevel [27ms]
[2022-05-29T23:44:44.798Z] fatal: not a git repository (or any parent up to mount point /)
Stopping at filesystem boundary (GIT_DISCOVERY_ACROSS_FILESYSTEM not set).
[2022-05-29T23:58:01.434Z] > git rev-parse --show-toplevel [25ms]
[2022-05-29T23:58:01.434Z] fatal: not a git repository (or any parent up to mount point /)
Stopping at filesystem boundary (GIT_DISCOVERY_ACROSS_FILESYSTEM not set).
[2022-05-29T23:58:37.734Z] > git rev-parse --show-toplevel [13ms]
[2022-05-29T23:58:37.734Z] fatal: not a git repository (or any parent up to mount point /)
Stopping at filesystem boundary (GIT_DISCOVERY_ACROSS_FILESYSTEM not set).
[2022-05-29T23:58:59.266Z] > git rev-parse --show-toplevel [6ms]
[2022-05-29T23:58:59.266Z] fatal: not a git repository (or any parent up to mount point /)
Stopping at filesystem boundary (GIT_DISCOVERY_ACROSS_FILESYSTEM not set).
[2022-05-29T23:59:01.694Z] > git rev-parse --show-toplevel [29ms]
[2022-05-29T23:59:01.694Z] fatal: not a git repository (or any parent up to mount point /)
Stopping at filesystem boundary (GIT_DISCOVERY_ACROSS_FILESYSTEM not set).
[2022-05-29T23:59:12.939Z] > git rev-parse --show-toplevel [37ms]
[2022-05-29T23:59:12.939Z] fatal: not a git repository (or any parent up to mount point /)
Stopping at filesystem boundary (GIT_DISCOVERY_ACROSS_FILESYSTEM not set).
[2022-05-29T23:59:13.956Z] > git rev-parse --show-toplevel [26ms]
[2022-05-29T23:59:13.956Z] fatal: not a git repository (or any parent up to mount point /)
Stopping at filesystem boundary (GIT_DISCOVERY_ACROSS_FILESYSTEM not set).
[2022-05-30T00:26:43.001Z] > git rev-parse --show-toplevel [17ms]
[2022-05-30T00:26:43.001Z] fatal: not a git repository (or any parent up to mount point /)
Stopping at filesystem boundary (GIT_DISCOVERY_ACROSS_FILESYSTEM not set).
[2022-05-30T00:47:23.477Z] > git rev-parse --show-toplevel [20ms]
[2022-05-30T00:47:23.477Z] fatal: not a git repository (or any parent up to mount point /)
Stopping at filesystem boundary (GIT_DISCOVERY_ACROSS_FILESYSTEM not set).
[2022-05-30T00:47:34.607Z] > git rev-parse --show-toplevel [15ms]
[2022-05-30T00:47:34.607Z] fatal: not a git repository (or any parent up to mount point /)
Stopping at filesystem boundary (GIT_DISCOVERY_ACROSS_FILESYSTEM not set).
[2022-05-30T00:58:29.644Z] > git rev-parse --show-toplevel [17ms]
[2022-05-30T00:58:29.644Z] fatal: not a git repository (or any parent up to mount point /)
Stopping at filesystem boundary (GIT_DISCOVERY_ACROSS_FILESYSTEM not set).
[2022-05-30T00:58:30.196Z] > git rev-parse --show-toplevel [4ms]
[2022-05-30T00:58:30.196Z] fatal: not a git repository (or any parent up to mount point /)
Stopping at filesystem boundary (GIT_DISCOVERY_ACROSS_FILESYSTEM not set).
[2022-05-30T00:58:30.795Z] > git rev-parse --show-toplevel [26ms]
[2022-05-30T00:58:30.795Z] fatal: not a git repository (or any parent up to mount point /)
Stopping at filesystem boundary (GIT_DISCOVERY_ACROSS_FILESYSTEM not set).
[2022-05-30T00:58:38.872Z] > git rev-parse --show-toplevel [23ms]
[2022-05-30T00:58:38.872Z] fatal: not a git repository (or any parent up to mount point /)
Stopping at filesystem boundary (GIT_DISCOVERY_ACROSS_FILESYSTEM not set).
[2022-05-30T01:02:36.808Z] > git rev-parse --show-toplevel [21ms]
[2022-05-30T01:02:36.808Z] fatal: not a git repository (or any parent up to mount point /)
Stopping at filesystem boundary (GIT_DISCOVERY_ACROSS_FILESYSTEM not set).
[2022-05-30T01:08:53.670Z] > git rev-parse --show-toplevel [27ms]
[2022-05-30T01:08:53.670Z] fatal: not a git repository (or any parent up to mount point /)
Stopping at filesystem boundary (GIT_DISCOVERY_ACROSS_FILESYSTEM not set).
[2022-05-30T01:09:14.399Z] > git rev-parse --show-toplevel [21ms]
[2022-05-30T01:09:14.399Z] fatal: not a git repository (or any parent up to mount point /)
Stopping at filesystem boundary (GIT_DISCOVERY_ACROSS_FILESYSTEM not set).
