> conda info --json
> /bin/python ~/.vscode-oss/extensions/ms-python.python-2022.4.1/pythonFiles/get_output_via_markers.py ~/.vscode-oss/extensions/ms-python.python-2022.4.1/pythonFiles/interpreterInfo.py
> /sbin/python ~/.vscode-oss/extensions/ms-python.python-2022.4.1/pythonFiles/get_output_via_markers.py ~/.vscode-oss/extensions/ms-python.python-2022.4.1/pythonFiles/interpreterInfo.py
> /usr/bin/python ~/.vscode-oss/extensions/ms-python.python-2022.4.1/pythonFiles/get_output_via_markers.py ~/.vscode-oss/extensions/ms-python.python-2022.4.1/pythonFiles/interpreterInfo.py
Python interpreter path: /bin/python
> /usr/sbin/python ~/.vscode-oss/extensions/ms-python.python-2022.4.1/pythonFiles/get_output_via_markers.py ~/.vscode-oss/extensions/ms-python.python-2022.4.1/pythonFiles/interpreterInfo.py
[ERROR 2022-4-5 16:14:29.269]: [
  'Failed to activate a workspace, Class name = f, completed in 1732ms, has a falsy return value, Arg 1: <Uri:/home/marca/.config/qtile/config.py>, Return Value: undefined',
  [Error: Extension 'ms-python.python' CANNOT use API proposal: testObserver.
  Its package.json#enabledApiProposals-property declares:  but NOT testObserver.
   The missing proposal MUST be added and you must start in extension development mode or use the following command line switch: --enable-proposed-api ms-python.python
  	at b (/usr/lib/code/out/vs/workbench/api/node/extensionHostProcess.js:83:64781)
  	at Object.get testResults [as testResults] (/usr/lib/code/out/vs/workbench/api/node/extensionHostProcess.js:99:33817)
  	at P.activate (/home/marca/.vscode-oss/extensions/ms-python.python-2022.4.1/out/client/extension.js:65:72214)
  	at /home/marca/.vscode-oss/extensions/ms-python.python-2022.4.1/out/client/extension.js:47:88389
  	at Array.map (<anonymous>)
  	at f.activateWorkspace (/home/marca/.vscode-oss/extensions/ms-python.python-2022.4.1/out/client/extension.js:47:88380)
  	at runMicrotasks (<anonymous>)
  	at processTicksAndRejections (internal/process/task_queues.js:93:5)]
]
[ERROR 2022-4-5 16:14:29.275]: Failure during activation. [Error: Extension 'ms-python.python' CANNOT use API proposal: testObserver.
Its package.json#enabledApiProposals-property declares:  but NOT testObserver.
 The missing proposal MUST be added and you must start in extension development mode or use the following command line switch: --enable-proposed-api ms-python.python
	at b (/usr/lib/code/out/vs/workbench/api/node/extensionHostProcess.js:83:64781)
	at Object.get testResults [as testResults] (/usr/lib/code/out/vs/workbench/api/node/extensionHostProcess.js:99:33817)
	at P.activate (/home/marca/.vscode-oss/extensions/ms-python.python-2022.4.1/out/client/extension.js:65:72214)
	at /home/marca/.vscode-oss/extensions/ms-python.python-2022.4.1/out/client/extension.js:47:88389
	at Array.map (<anonymous>)
	at f.activateWorkspace (/home/marca/.vscode-oss/extensions/ms-python.python-2022.4.1/out/client/extension.js:47:88380)
	at runMicrotasks (<anonymous>)
	at processTicksAndRejections (internal/process/task_queues.js:93:5)]
[ERROR 2022-4-5 16:14:29.275]: sendStartupTelemetry() failed. [Error: Extension 'ms-python.python' CANNOT use API proposal: testObserver.
Its package.json#enabledApiProposals-property declares:  but NOT testObserver.
 The missing proposal MUST be added and you must start in extension development mode or use the following command line switch: --enable-proposed-api ms-python.python
	at b (/usr/lib/code/out/vs/workbench/api/node/extensionHostProcess.js:83:64781)
	at Object.get testResults [as testResults] (/usr/lib/code/out/vs/workbench/api/node/extensionHostProcess.js:99:33817)
	at P.activate (/home/marca/.vscode-oss/extensions/ms-python.python-2022.4.1/out/client/extension.js:65:72214)
	at /home/marca/.vscode-oss/extensions/ms-python.python-2022.4.1/out/client/extension.js:47:88389
	at Array.map (<anonymous>)
	at f.activateWorkspace (/home/marca/.vscode-oss/extensions/ms-python.python-2022.4.1/out/client/extension.js:47:88380)
	at runMicrotasks (<anonymous>)
	at processTicksAndRejections (internal/process/task_queues.js:93:5)]
Starting Jedi language server.
