[2022-05-29T22:41:19.526Z] Validating found git in: git
[2022-05-29T22:41:20.049Z] Using git 2.35.1 from git
[2022-05-29T22:41:20.364Z] > git rev-parse --show-toplevel [304ms]
[2022-05-29T22:41:20.364Z] fatal: not a git repository (or any parent up to mount point /)
Stopping at filesystem boundary (GIT_DISCOVERY_ACROSS_FILESYSTEM not set).
[2022-05-29T22:41:20.398Z] > git rev-parse --show-toplevel [25ms]
[2022-05-29T22:41:20.398Z] fatal: not a git repository (or any parent up to mount point /)
Stopping at filesystem boundary (GIT_DISCOVERY_ACROSS_FILESYSTEM not set).
[2022-05-29T22:41:20.409Z] > git rev-parse --show-toplevel [5ms]
[2022-05-29T22:41:20.409Z] fatal: not a git repository (or any parent up to mount point /)
Stopping at filesystem boundary (GIT_DISCOVERY_ACROSS_FILESYSTEM not set).
[2022-05-29T22:50:17.198Z] > git rev-parse --show-toplevel [27ms]
[2022-05-29T22:50:17.198Z] fatal: not a git repository (or any parent up to mount point /)
Stopping at filesystem boundary (GIT_DISCOVERY_ACROSS_FILESYSTEM not set).
[2022-05-29T22:51:10.911Z] > git rev-parse --show-toplevel [24ms]
[2022-05-29T22:51:10.911Z] fatal: not a git repository (or any parent up to mount point /)
Stopping at filesystem boundary (GIT_DISCOVERY_ACROSS_FILESYSTEM not set).
[2022-05-29T22:53:33.981Z] > git rev-parse --show-toplevel [38ms]
[2022-05-29T22:53:33.981Z] fatal: not a git repository (or any parent up to mount point /)
Stopping at filesystem boundary (GIT_DISCOVERY_ACROSS_FILESYSTEM not set).
[2022-05-29T22:57:21.083Z] > git rev-parse --show-toplevel [37ms]
[2022-05-29T22:57:21.083Z] fatal: not a git repository (or any parent up to mount point /)
Stopping at filesystem boundary (GIT_DISCOVERY_ACROSS_FILESYSTEM not set).
[2022-05-29T22:57:22.393Z] > git rev-parse --show-toplevel [10ms]
[2022-05-29T22:57:22.393Z] fatal: not a git repository (or any parent up to mount point /)
Stopping at filesystem boundary (GIT_DISCOVERY_ACROSS_FILESYSTEM not set).
[2022-05-29T22:57:37.496Z] > git rev-parse --show-toplevel [21ms]
[2022-05-29T22:57:37.496Z] fatal: not a git repository (or any parent up to mount point /)
Stopping at filesystem boundary (GIT_DISCOVERY_ACROSS_FILESYSTEM not set).
[2022-05-29T22:57:38.493Z] > git rev-parse --show-toplevel [31ms]
[2022-05-29T22:57:38.493Z] fatal: not a git repository (or any parent up to mount point /)
Stopping at filesystem boundary (GIT_DISCOVERY_ACROSS_FILESYSTEM not set).
[2022-05-29T22:57:38.695Z] > git rev-parse --show-toplevel [3ms]
[2022-05-29T22:57:38.695Z] fatal: not a git repository (or any parent up to mount point /)
Stopping at filesystem boundary (GIT_DISCOVERY_ACROSS_FILESYSTEM not set).
[2022-05-29T22:57:46.223Z] > git rev-parse --show-toplevel [13ms]
[2022-05-29T22:57:46.223Z] fatal: not a git repository (or any parent up to mount point /)
Stopping at filesystem boundary (GIT_DISCOVERY_ACROSS_FILESYSTEM not set).
[2022-05-29T22:59:04.505Z] > git rev-parse --show-toplevel [13ms]
[2022-05-29T22:59:04.505Z] fatal: not a git repository (or any parent up to mount point /)
Stopping at filesystem boundary (GIT_DISCOVERY_ACROSS_FILESYSTEM not set).
[2022-05-29T22:59:06.551Z] > git rev-parse --show-toplevel [31ms]
[2022-05-29T22:59:06.551Z] fatal: not a git repository (or any parent up to mount point /)
Stopping at filesystem boundary (GIT_DISCOVERY_ACROSS_FILESYSTEM not set).
