[Info  - 17:50:21] (8189) Pylance language server 2022.5.2 (pyright 0577bc22) starting
[Info  - 17:50:21] (8189) Server root directory: /home/marca/.vscode/extensions/ms-python.vscode-pylance-2022.5.2/dist
[Info  - 17:50:21] (8189) No configuration file found.
[Info  - 17:50:21] (8189) No pyproject.toml file found.
[Info  - 17:50:21] (8189) Setting pythonPath for service "django_prueba": "/home/marca/Dev/django_prueba/venv/bin/python"
[Warn  - 17:50:21] (8189) stubPath /home/marca/Dev/django_prueba/typings is not a valid directory.
[Info  - 17:50:21] (8189) Assuming Python version 3.10
[Info  - 17:50:21] (8189) Assuming Python platform Linux
[Info  - 17:50:22] (8189) Searching for source files
[Info  - 17:50:22] (8189) Auto-excluding /home/marca/Dev/django_prueba/venv
[Info  - 17:50:22] (8189) Found 13 source files
[Info  - 17:50:24] (8189) Background analysis(1) root directory: /home/marca/.vscode/extensions/ms-python.vscode-pylance-2022.5.2/dist
[Info  - 17:50:24] (8189) Background analysis(1) started
[Info  - 17:50:24] (8189) Indexer background runner(2) root directory: /home/marca/.vscode/extensions/ms-python.vscode-pylance-2022.5.2/dist (index)
[Info  - 17:50:24] (8189) Indexing(2) started
[Info  - 17:50:29] (8189) [IDX(2)] Long operation: index execution environment /home/marca/Dev/django_prueba (2230ms)
[Info  - 17:50:29] (8189) [IDX(2)] Long operation: index libraries /home/marca/Dev/django_prueba (4430ms)
[Info  - 17:50:29] (8189) Indexer done(2). indexed 439 files
[Info  - 17:53:33] (8189) Searching for source files
[Info  - 17:53:33] (8189) Auto-excluding /home/marca/Dev/django_prueba/venv
[Info  - 17:53:33] (8189) Found 14 source files
